<?xml version="1.0" encoding="UTF-8"?>
<!-- Generated by org.testng.reporters.JUnitReportReporter -->
<testsuite skipped="0" hostname="Prabhani-PC" name="kushan.testone" tests="1" failures="0" timestamp="02 Sep 2018 11:32:36 GMT" time="6.471" errors="0">
  <testcase name="testSearch" time="6.471" classname="kushan.testone"/>
</testsuite> <!-- kushan.testone -->
